Decoding frames 0 to 100
Decoding frames 100 to 200
Decoding frames 200 to 300
Decoding frames 300 to 400
Decoding frames 400 to 500
Decoding frames 500 to 600
Decoding frames 600 to 700
Decoding frames 700 to 800
Decoding frames 800 to 900
Decoding frames 900 to 1000
Decoding frames 1000 to 1100
Decoding frames 1100 to 1200
Decoding frames 1200 to 1300
Decoding frames 1300 to 1400
Decoding frames 1400 to 1500
Decoding frames 1500 to 1600
Decoding frames 1600 to 1700
Decoding frames 1700 to 1800
Decoding frames 1800 to 1900
Decoding frames 1900 to 2000
Decoding frames 2000 to 2100
Decoding frames 2100 to 2200
Decoding frames 2200 to 2300
Decoding frames 2300 to 2400
Decoding frames 2400 to 2500
Decoding frames 2500 to 2600
Decoding frames 2600 to 2700
Decoding frames 2700 to 2800
Checking integrity...
Searching for last frame...
Found 2769 frames.
Binding labels and attributes...
Creating symbolic link...
Creating segments...
Video loaded and ready for publication.
http://localhost/?id=6&hitId=offline
http://localhost/?id=7&hitId=offline
http://localhost/?id=8&hitId=offline
http://localhost/?id=9&hitId=offline
http://localhost/?id=10&hitId=offline
http://localhost/?id=11&hitId=offline
http://localhost/?id=12&hitId=offline
http://localhost/?id=13&hitId=offline
http://localhost/?id=14&hitId=offline
http://localhost/?id=15&hitId=offline
http://localhost/?id=16&hitId=offline
http://localhost/?id=17&hitId=offline
http://localhost/?id=18&hitId=offline
http://localhost/?id=19&hitId=offline
http://localhost/?id=20&hitId=offline
http://localhost/?id=21&hitId=offline
http://localhost/?id=22&hitId=offline
http://localhost/?id=23&hitId=offline
http://localhost/?id=24&hitId=offline
http://localhost/?id=25&hitId=offline
http://localhost/?id=26&hitId=offline
http://localhost/?id=27&hitId=offline
http://localhost/?id=28&hitId=offline
http://localhost/?id=29&hitId=offline
