Decoding frames 0 to 100
Decoding frames 100 to 200
Decoding frames 200 to 300
Decoding frames 300 to 400
Decoding frames 400 to 500
Decoding frames 500 to 600
Decoding frames 600 to 700
Decoding frames 700 to 800
Decoding frames 800 to 900
Decoding frames 900 to 1000
Decoding frames 1000 to 1100
Decoding frames 1100 to 1200
Decoding frames 1200 to 1300
Decoding frames 1300 to 1400
Decoding frames 1400 to 1500
Decoding frames 1500 to 1600
Decoding frames 1600 to 1700
Decoding frames 1700 to 1800
Decoding frames 1800 to 1900
Checking integrity...
Searching for last frame...
Found 1871 frames.
Binding labels and attributes...
Creating symbolic link...
Creating segments...
Video loaded and ready for publication.
http://localhost/?id=6&hitId=offline
http://localhost/?id=7&hitId=offline
http://localhost/?id=8&hitId=offline
http://localhost/?id=9&hitId=offline
http://localhost/?id=10&hitId=offline
http://localhost/?id=11&hitId=offline
http://localhost/?id=12&hitId=offline
