+ filenameToUse=/home/horvathandras/vatic/vatic/public/videouploads/DJI_0571_30m_nagy_szarvasragott_foltok_friss.avi
+ filenameNoDot=DJI_0571_30m_nagy_szarvasragott_foltok_friss_Vaskut_20180527_napos_napraforgo_T2
+ FullUploadPath=/home/horvathandras/vatic/vatic/public/videouploads/DJI_0571_30m_nagy_szarvasragott_foltok_friss.avi
+ VideoDataDir=/home/horvathandras/vatic/vatic/videos
+ AvailableObjectTypes='PozitívROI NegatívROI Túrás ~Friss ~Régebbi Rágás ~Friss ~Régebbi Törés ~Friss ~Régebbi Taposás ~Friss ~Régebbi EgészségesNövény Egyéb1 Egyéb2 Egyéb3 Egyéb4 Egyéb5'
++ dirname /home/horvathandras/vatic/vatic/vatic_publisher.sh
+ cd /home/horvathandras/vatic/vatic
+ touch /home/horvathandras/vatic/vatic/public/videouploads/DJI_0571_30m_nagy_szarvasragott_foltok_friss.avi
+ chmod 744 /home/horvathandras/vatic/vatic/public/videouploads/DJI_0571_30m_nagy_szarvasragott_foltok_friss.avi
+ mkdir /home/horvathandras/vatic/vatic/videos/DJI_0571_30m_nagy_szarvasragott_foltok_friss_Vaskut_20180527_napos_napraforgo_T2
+ turkic extract /home/horvathandras/vatic/vatic/public/videouploads/DJI_0571_30m_nagy_szarvasragott_foltok_friss.avi /home/horvathandras/vatic/vatic/videos/DJI_0571_30m_nagy_szarvasragott_foltok_friss_Vaskut_20180527_napos_napraforgo_T2 --no-resize
ffmpeg version 2.8.14-0ubuntu0.16.04.1 Copyright (c) 2000-2018 the FFmpeg developers
  built with gcc 5.4.0 (Ubuntu 5.4.0-6ubuntu1~16.04.9) 20160609
  configuration: --prefix=/usr --extra-version=0ubuntu0.16.04.1 --build-suffix=-ffmpeg --toolchain=hardened --libdir=/usr/lib/x86_64-linux-gnu --incdir=/usr/include/x86_64-linux-gnu --cc=cc --cxx=g++ --enable-gpl --enable-shared --disable-stripping --disable-decoder=libopenjpeg --disable-decoder=libschroedinger --enable-avresample --enable-avisynth --enable-gnutls --enable-ladspa --enable-libass --enable-libbluray --enable-libbs2b --enable-libcaca --enable-libcdio --enable-libflite --enable-libfontconfig --enable-libfreetype --enable-libfribidi --enable-libgme --enable-libgsm --enable-libmodplug --enable-libmp3lame --enable-libopenjpeg --enable-libopus --enable-libpulse --enable-librtmp --enable-libschroedinger --enable-libshine --enable-libsnappy --enable-libsoxr --enable-libspeex --enable-libssh --enable-libtheora --enable-libtwolame --enable-libvorbis --enable-libvpx --enable-libwavpack --enable-libwebp --enable-libx265 --enable-libxvid --enable-libzvbi --enable-openal --enable-opengl --enable-x11grab --enable-libdc1394 --enable-libiec61883 --enable-libzmq --enable-frei0r --enable-libx264 --enable-libopencv
  libavutil      54. 31.100 / 54. 31.100
  libavcodec     56. 60.100 / 56. 60.100
  libavformat    56. 40.101 / 56. 40.101
  libavdevice    56.  4.100 / 56.  4.100
  libavfilter     5. 40.101 /  5. 40.101
  libavresample   2.  1.  0 /  2.  1.  0
  libswscale      3.  1.101 /  3.  1.101
  libswresample   1.  2.101 /  1.  2.101
  libpostproc    53.  3.100 / 53.  3.100
[mov,mp4,m4a,3gp,3g2,mj2 @ 0x1120400] error reading header
/home/horvathandras/vatic/vatic/public/videouploads/DJI_0571_30m_nagy_szarvasragott_foltok_friss.avi: End of file
Traceback (most recent call last):
  File "/usr/local/bin/turkic", line 4, in <module>
    __import__('pkg_resources').run_script('turkic==0.2.5', 'turkic')
  File "/usr/lib/python2.7/dist-packages/pkg_resources/__init__.py", line 719, in run_script
    self.require(requires)[0].run_script(script_name, ns)
  File "/usr/lib/python2.7/dist-packages/pkg_resources/__init__.py", line 1504, in run_script
    exec(code, namespace, namespace)
  File "/usr/local/lib/python2.7/dist-packages/turkic-0.2.5-py2.7.egg/EGG-INFO/scripts/turkic", line 16, in <module>
    turkic.cli.main()
  File "/usr/local/lib/python2.7/dist-packages/turkic-0.2.5-py2.7.egg/turkic/cli.py", line 147, in main
    handler(args[1:])
  File "/usr/local/lib/python2.7/dist-packages/turkic-0.2.5-py2.7.egg/turkic/cli.py", line 47, in __init__
    self(parser.parse_args(args))
  File "/home/horvathandras/vatic/vatic/cli.py", line 48, in __call__
    for frame, image in enumerate(sequence):
  File "/usr/local/lib/python2.7/dist-packages/pyvision-0.3.1-py2.7-linux-x86_64.egg/vision/ffmpeg.py", line 67, in __iter__
    yield self[i]
  File "/usr/local/lib/python2.7/dist-packages/pyvision-0.3.1-py2.7-linux-x86_64.egg/vision/ffmpeg.py", line 53, in __getitem__
    return Image.open(self.getframepath(k))
  File "/usr/local/lib/python2.7/dist-packages/PIL/Image.py", line 2548, in open
    fp = builtins.open(filename, "rb")
IOError: [Errno 2] No such file or directory: '/tmp/pyvision-ffmpeg-896051141/1.jpg'
+ turkic load DJI_0571_30m_nagy_szarvasragott_foltok_friss_Vaskut_20180527_napos_napraforgo_T2 /home/horvathandras/vatic/vatic/videos/DJI_0571_30m_nagy_szarvasragott_foltok_friss_Vaskut_20180527_napos_napraforgo_T2 $'Pozit\303\255vROI' $'Negat\303\255vROI' $'T\303\272r\303\241s' '~Friss' '~Régebbi' $'R\303\241g\303\241s' '~Friss' '~Régebbi' $'T\303\266r\303\251s' '~Friss' '~Régebbi' $'Tapos\303\241s' '~Friss' '~Régebbi' $'Eg\303\251szs\303\251gesN\303\266v\303\251ny' $'Egy\303\251b1' $'Egy\303\251b2' $'Egy\303\251b3' $'Egy\303\251b4' $'Egy\303\251b5' --offline --title '$filenameNoDot Video' --length 1000 --description 'vatic annotation'
+ turkic publish --offline
+ mkdir /home/horvathandras/vatic/vatic/public/videothumbnails/DJI_0571_30m_nagy_szarvasragott_foltok_friss_Vaskut_20180527_napos_napraforgo_T2
+ cp /home/horvathandras/vatic/vatic/videos/DJI_0571_30m_nagy_szarvasragott_foltok_friss_Vaskut_20180527_napos_napraforgo_T2/0/0/31.jpg /home/horvathandras/vatic/vatic/public/videothumbnails/DJI_0571_30m_nagy_szarvasragott_foltok_friss_Vaskut_20180527_napos_napraforgo_T2/thumb.jpg
cp: cannot stat '/home/horvathandras/vatic/vatic/videos/DJI_0571_30m_nagy_szarvasragott_foltok_friss_Vaskut_20180527_napos_napraforgo_T2/0/0/31.jpg': No such file or directory
