Decoding frames 0 to 100
Decoding frames 100 to 200
Decoding frames 200 to 300
Decoding frames 300 to 400
Decoding frames 400 to 500
Checking integrity...
Searching for last frame...
Found 450 frames.
Binding labels and attributes...
Creating symbolic link...
Creating segments...
Video loaded and ready for publication.
http://localhost/?id=9&hitId=offline
http://localhost/?id=10&hitId=offline
http://localhost/?id=11&hitId=offline
http://localhost/?id=12&hitId=offline
http://localhost/?id=13&hitId=offline
http://localhost/?id=14&hitId=offline
http://localhost/?id=15&hitId=offline
http://localhost/?id=16&hitId=offline
http://localhost/?id=17&hitId=offline
http://localhost/?id=18&hitId=offline
http://localhost/?id=19&hitId=offline
http://localhost/?id=20&hitId=offline
http://localhost/?id=21&hitId=offline
http://localhost/?id=22&hitId=offline
http://localhost/?id=23&hitId=offline
http://localhost/?id=24&hitId=offline
http://localhost/?id=25&hitId=offline
http://localhost/?id=26&hitId=offline
http://localhost/?id=27&hitId=offline
http://localhost/?id=28&hitId=offline
http://localhost/?id=29&hitId=offline
http://localhost/?id=30&hitId=offline
http://localhost/?id=31&hitId=offline
http://localhost/?id=32&hitId=offline
http://localhost/?id=33&hitId=offline
http://localhost/?id=34&hitId=offline
http://localhost/?id=35&hitId=offline
http://localhost/?id=36&hitId=offline
http://localhost/?id=37&hitId=offline
http://localhost/?id=38&hitId=offline
http://localhost/?id=39&hitId=offline
http://localhost/?id=40&hitId=offline
http://localhost/?id=41&hitId=offline
http://localhost/?id=43&hitId=offline
http://localhost/?id=44&hitId=offline
http://localhost/?id=45&hitId=offline
http://localhost/?id=46&hitId=offline
http://localhost/?id=47&hitId=offline
http://localhost/?id=48&hitId=offline
http://localhost/?id=49&hitId=offline
http://localhost/?id=50&hitId=offline
http://localhost/?id=51&hitId=offline
http://localhost/?id=52&hitId=offline
http://localhost/?id=53&hitId=offline
http://localhost/?id=54&hitId=offline
http://localhost/?id=55&hitId=offline
http://localhost/?id=56&hitId=offline
http://localhost/?id=57&hitId=offline
http://localhost/?id=58&hitId=offline
http://localhost/?id=59&hitId=offline
http://localhost/?id=60&hitId=offline
http://localhost/?id=61&hitId=offline
http://localhost/?id=62&hitId=offline
http://localhost/?id=63&hitId=offline
http://localhost/?id=64&hitId=offline
http://localhost/?id=65&hitId=offline
http://localhost/?id=66&hitId=offline
http://localhost/?id=67&hitId=offline
http://localhost/?id=68&hitId=offline
http://localhost/?id=69&hitId=offline
http://localhost/?id=70&hitId=offline
http://localhost/?id=71&hitId=offline
http://localhost/?id=72&hitId=offline
http://localhost/?id=73&hitId=offline
http://localhost/?id=75&hitId=offline
http://localhost/?id=76&hitId=offline
http://localhost/?id=77&hitId=offline
http://localhost/?id=78&hitId=offline
http://localhost/?id=79&hitId=offline
http://localhost/?id=80&hitId=offline
http://localhost/?id=81&hitId=offline
http://localhost/?id=82&hitId=offline
http://localhost/?id=83&hitId=offline
http://localhost/?id=84&hitId=offline
http://localhost/?id=85&hitId=offline
http://localhost/?id=86&hitId=offline
http://localhost/?id=87&hitId=offline
http://localhost/?id=88&hitId=offline
http://localhost/?id=89&hitId=offline
http://localhost/?id=90&hitId=offline
http://localhost/?id=91&hitId=offline
http://localhost/?id=92&hitId=offline
http://localhost/?id=93&hitId=offline
http://localhost/?id=94&hitId=offline
http://localhost/?id=95&hitId=offline
http://localhost/?id=96&hitId=offline
http://localhost/?id=97&hitId=offline
http://localhost/?id=98&hitId=offline
http://localhost/?id=99&hitId=offline
http://localhost/?id=100&hitId=offline
http://localhost/?id=101&hitId=offline
http://localhost/?id=102&hitId=offline
http://localhost/?id=103&hitId=offline
http://localhost/?id=104&hitId=offline
http://localhost/?id=105&hitId=offline
http://localhost/?id=106&hitId=offline
http://localhost/?id=107&hitId=offline
http://localhost/?id=108&hitId=offline
http://localhost/?id=109&hitId=offline
http://localhost/?id=110&hitId=offline
http://localhost/?id=111&hitId=offline
http://localhost/?id=112&hitId=offline
http://localhost/?id=113&hitId=offline
http://localhost/?id=114&hitId=offline
http://localhost/?id=115&hitId=offline
