Decoding frames 0 to 100
Decoding frames 100 to 200
Decoding frames 200 to 300
Decoding frames 300 to 400
Decoding frames 400 to 500
Decoding frames 500 to 600
Decoding frames 600 to 700
Decoding frames 700 to 800
Decoding frames 800 to 900
Decoding frames 900 to 1000
Decoding frames 1000 to 1100
Decoding frames 1100 to 1200
Checking integrity...
Searching for last frame...
Found 1174 frames.
Binding labels and attributes...
Creating symbolic link...
Creating segments...
Video loaded and ready for publication.
http://localhost/?id=9&hitId=offline
http://localhost/?id=10&hitId=offline
http://localhost/?id=11&hitId=offline
http://localhost/?id=12&hitId=offline
http://localhost/?id=13&hitId=offline
http://localhost/?id=14&hitId=offline
http://localhost/?id=15&hitId=offline
http://localhost/?id=16&hitId=offline
http://localhost/?id=17&hitId=offline
http://localhost/?id=18&hitId=offline
http://localhost/?id=19&hitId=offline
http://localhost/?id=20&hitId=offline
http://localhost/?id=21&hitId=offline
http://localhost/?id=22&hitId=offline
http://localhost/?id=23&hitId=offline
http://localhost/?id=24&hitId=offline
http://localhost/?id=25&hitId=offline
http://localhost/?id=26&hitId=offline
http://localhost/?id=27&hitId=offline
http://localhost/?id=28&hitId=offline
http://localhost/?id=29&hitId=offline
http://localhost/?id=30&hitId=offline
http://localhost/?id=31&hitId=offline
http://localhost/?id=32&hitId=offline
http://localhost/?id=33&hitId=offline
http://localhost/?id=34&hitId=offline
http://localhost/?id=35&hitId=offline
http://localhost/?id=36&hitId=offline
http://localhost/?id=37&hitId=offline
http://localhost/?id=38&hitId=offline
http://localhost/?id=39&hitId=offline
http://localhost/?id=40&hitId=offline
http://localhost/?id=41&hitId=offline
http://localhost/?id=43&hitId=offline
http://localhost/?id=44&hitId=offline
http://localhost/?id=45&hitId=offline
http://localhost/?id=46&hitId=offline
http://localhost/?id=47&hitId=offline
http://localhost/?id=48&hitId=offline
http://localhost/?id=49&hitId=offline
http://localhost/?id=50&hitId=offline
http://localhost/?id=51&hitId=offline
http://localhost/?id=52&hitId=offline
http://localhost/?id=53&hitId=offline
http://localhost/?id=54&hitId=offline
http://localhost/?id=55&hitId=offline
http://localhost/?id=56&hitId=offline
http://localhost/?id=57&hitId=offline
http://localhost/?id=58&hitId=offline
http://localhost/?id=59&hitId=offline
http://localhost/?id=60&hitId=offline
http://localhost/?id=61&hitId=offline
http://localhost/?id=62&hitId=offline
http://localhost/?id=63&hitId=offline
http://localhost/?id=64&hitId=offline
http://localhost/?id=65&hitId=offline
http://localhost/?id=66&hitId=offline
http://localhost/?id=67&hitId=offline
http://localhost/?id=68&hitId=offline
http://localhost/?id=69&hitId=offline
http://localhost/?id=70&hitId=offline
http://localhost/?id=71&hitId=offline
http://localhost/?id=72&hitId=offline
http://localhost/?id=73&hitId=offline
http://localhost/?id=75&hitId=offline
http://localhost/?id=76&hitId=offline
http://localhost/?id=77&hitId=offline
http://localhost/?id=78&hitId=offline
http://localhost/?id=79&hitId=offline
http://localhost/?id=80&hitId=offline
http://localhost/?id=81&hitId=offline
http://localhost/?id=82&hitId=offline
http://localhost/?id=83&hitId=offline
http://localhost/?id=84&hitId=offline
http://localhost/?id=85&hitId=offline
http://localhost/?id=86&hitId=offline
http://localhost/?id=87&hitId=offline
http://localhost/?id=88&hitId=offline
http://localhost/?id=89&hitId=offline
http://localhost/?id=90&hitId=offline
http://localhost/?id=91&hitId=offline
http://localhost/?id=92&hitId=offline
http://localhost/?id=93&hitId=offline
http://localhost/?id=94&hitId=offline
http://localhost/?id=95&hitId=offline
http://localhost/?id=96&hitId=offline
http://localhost/?id=97&hitId=offline
http://localhost/?id=98&hitId=offline
http://localhost/?id=99&hitId=offline
http://localhost/?id=100&hitId=offline
http://localhost/?id=101&hitId=offline
http://localhost/?id=102&hitId=offline
http://localhost/?id=103&hitId=offline
http://localhost/?id=104&hitId=offline
http://localhost/?id=105&hitId=offline
http://localhost/?id=106&hitId=offline
http://localhost/?id=107&hitId=offline
http://localhost/?id=108&hitId=offline
http://localhost/?id=109&hitId=offline
http://localhost/?id=110&hitId=offline
http://localhost/?id=111&hitId=offline
http://localhost/?id=112&hitId=offline
http://localhost/?id=113&hitId=offline
http://localhost/?id=114&hitId=offline
http://localhost/?id=115&hitId=offline
http://localhost/?id=116&hitId=offline
http://localhost/?id=117&hitId=offline
http://localhost/?id=118&hitId=offline
http://localhost/?id=119&hitId=offline
http://localhost/?id=120&hitId=offline
http://localhost/?id=121&hitId=offline
http://localhost/?id=122&hitId=offline
http://localhost/?id=123&hitId=offline
http://localhost/?id=124&hitId=offline
http://localhost/?id=125&hitId=offline
http://localhost/?id=126&hitId=offline
http://localhost/?id=127&hitId=offline
http://localhost/?id=128&hitId=offline
http://localhost/?id=129&hitId=offline
http://localhost/?id=130&hitId=offline
http://localhost/?id=131&hitId=offline
http://localhost/?id=132&hitId=offline
http://localhost/?id=133&hitId=offline
http://localhost/?id=134&hitId=offline
http://localhost/?id=135&hitId=offline
http://localhost/?id=136&hitId=offline
http://localhost/?id=137&hitId=offline
http://localhost/?id=138&hitId=offline
http://localhost/?id=139&hitId=offline
http://localhost/?id=140&hitId=offline
http://localhost/?id=141&hitId=offline
http://localhost/?id=142&hitId=offline
http://localhost/?id=143&hitId=offline
http://localhost/?id=144&hitId=offline
http://localhost/?id=145&hitId=offline
http://localhost/?id=146&hitId=offline
http://localhost/?id=147&hitId=offline
http://localhost/?id=148&hitId=offline
http://localhost/?id=149&hitId=offline
http://localhost/?id=150&hitId=offline
http://localhost/?id=151&hitId=offline
http://localhost/?id=152&hitId=offline
http://localhost/?id=153&hitId=offline
http://localhost/?id=154&hitId=offline
http://localhost/?id=155&hitId=offline
http://localhost/?id=156&hitId=offline
http://localhost/?id=157&hitId=offline
http://localhost/?id=158&hitId=offline
http://localhost/?id=159&hitId=offline
http://localhost/?id=160&hitId=offline
http://localhost/?id=161&hitId=offline
http://localhost/?id=162&hitId=offline
http://localhost/?id=163&hitId=offline
http://localhost/?id=164&hitId=offline
http://localhost/?id=165&hitId=offline
http://localhost/?id=166&hitId=offline
http://localhost/?id=167&hitId=offline
http://localhost/?id=168&hitId=offline
http://localhost/?id=169&hitId=offline
http://localhost/?id=170&hitId=offline
http://localhost/?id=171&hitId=offline
http://localhost/?id=172&hitId=offline
http://localhost/?id=173&hitId=offline
http://localhost/?id=174&hitId=offline
http://localhost/?id=175&hitId=offline
http://localhost/?id=176&hitId=offline
http://localhost/?id=177&hitId=offline
http://localhost/?id=178&hitId=offline
http://localhost/?id=179&hitId=offline
http://localhost/?id=180&hitId=offline
http://localhost/?id=181&hitId=offline
http://localhost/?id=182&hitId=offline
http://localhost/?id=183&hitId=offline
http://localhost/?id=184&hitId=offline
http://localhost/?id=185&hitId=offline
http://localhost/?id=186&hitId=offline
http://localhost/?id=187&hitId=offline
http://localhost/?id=188&hitId=offline
http://localhost/?id=189&hitId=offline
http://localhost/?id=190&hitId=offline
http://localhost/?id=191&hitId=offline
http://localhost/?id=192&hitId=offline
http://localhost/?id=193&hitId=offline
http://localhost/?id=194&hitId=offline
http://localhost/?id=195&hitId=offline
http://localhost/?id=196&hitId=offline
http://localhost/?id=197&hitId=offline
http://localhost/?id=198&hitId=offline
http://localhost/?id=199&hitId=offline
http://localhost/?id=200&hitId=offline
http://localhost/?id=201&hitId=offline
http://localhost/?id=202&hitId=offline
http://localhost/?id=203&hitId=offline
http://localhost/?id=204&hitId=offline
http://localhost/?id=205&hitId=offline
http://localhost/?id=206&hitId=offline
http://localhost/?id=207&hitId=offline
http://localhost/?id=208&hitId=offline
http://localhost/?id=209&hitId=offline
http://localhost/?id=210&hitId=offline
http://localhost/?id=211&hitId=offline
http://localhost/?id=212&hitId=offline
http://localhost/?id=213&hitId=offline
